
> schoolsite@0.1.0 build
> next build

⚠ Warning: Next.js inferred your workspace root, but it may not be correct.
 We detected multiple lockfiles and selected the directory of C:\Users\AASTHA SINGH JADON\package-lock.json as the root directory.
 To silence this warning, set `turbopack.root` in your Next.js config, or consider removing one of the lockfiles if it's not needed.
   See https://nextjs.org/docs/app/api-reference/config/next-config-js/turbopack#root-directory for more information.
 Detected additional lockfiles: 
   * C:\Users\AASTHA SINGH JADON\OneDrive\Desktop\MDPIC\schoolsite\package-lock.json

▲ Next.js 16.2.1 (Turbopack)

  Creating an optimized production build ...

> Build error occurred
Error: Turbopack build failed with 2 errors:
./OneDrive/Desktop/MDPIC/schoolsite/app/admissions/page.tsx:10:1
Module not found: Can't resolve '@/components/ui/accordion'
  [90m 8 |[0m ...[33mInput[0m } [36mfrom[0m [32m"@/components/ui/input"[0m;
  [90m 9 |[0m ...[33mForm[0m, [33mFormControl[0m, [33mFormField[0m, [33mFormItem[0m, [33mFormLabel[0m, [33mFormMessage[0m } [36mfrom[0m [32m"@/components/ui/...[0m
[31m[1m>[0m [90m10 |[0m ...[33mAccordion[0m, [33mAccordionContent[0m, [33mAccordionItem[0m, [33mAccordionTrigger[0m } [36mfrom[0m [32m"@/components/ui/ac...[0m
  [90m   |[0m    [31m[1m^^^^^^^^^^^^^^^^^^^^^^^^^^^^^^^^^^^^^^^^^^^^^^^^^^^^^^^^^^^^^^^^^^^^^^^^^^^^^^^^^^^^^^^^^^[0m
  [90m11 |[0m ...zodResolver } [36mfrom[0m [32m"@hookform/resolvers/zod"[0m;
  [90m12 |[0m ...useForm } [36mfrom[0m [32m"react-hook-form"[0m;
  [90m13 |[0m ...[36mas[0m z [36mfrom[0m [32m"zod"[0m;

Import map: aliased to relative './components/ui/accordion' inside of [project]/OneDrive/Desktop/MDPIC/schoolsite


Import traces:
  Client Component Browser:
    ./OneDrive/Desktop/MDPIC/schoolsite/app/admissions/page.tsx [Client Component Browser]
    ./OneDrive/Desktop/MDPIC/schoolsite/app/admissions/page.tsx [Server Component]

  Client Component SSR:
    ./OneDrive/Desktop/MDPIC/schoolsite/app/admissions/page.tsx [Client Component SSR]
    ./OneDrive/Desktop/MDPIC/schoolsite/app/admissions/page.tsx [Server Component]

https://nextjs.org/docs/messages/module-not-found


./OneDrive/Desktop/MDPIC/schoolsite/app/admissions/page.tsx:8:1
Module not found: Can't resolve '@/components/ui/input'
  [90m 6 |[0m [36mimport[0m { [33mCard[0m, [33mCardContent[0m, [33mCardDescription[0m, [33mCardHeader[0m, [33mCardTitle[0m } [36mfrom[0m [32m"@/components/ui...[0m
  [90m 7 |[0m [36mimport[0m { [33mButton[0m } [36mfrom[0m [32m"@/components/ui/button"[0m;
[31m[1m>[0m [90m 8 |[0m [36mimport[0m { [33mInput[0m } [36mfrom[0m [32m"@/components/ui/input"[0m;
  [90m   |[0m [31m[1m^^^^^^^^^^^^^^^^^^^^^^^^^^^^^^^^^^^^^^^^^^^^^^[0m
  [90m 9 |[0m [36mimport[0m { [33mForm[0m, [33mFormControl[0m, [33mFormField[0m, [33mFormItem[0m, [33mFormLabel[0m, [33mFormMessage[0m } [36mfrom[0m [32m"@/componen...[0m
  [90m10 |[0m [36mimport[0m { [33mAccordion[0m, [33mAccordionContent[0m, [33mAccordionItem[0m, [33mAccordionTrigger[0m } [36mfrom[0m [32m"@/components...[0m
  [90m11 |[0m [36mimport[0m { zodResolver } [36mfrom[0m [32m"@hookform/resolvers/zod"[0m;

Import map: aliased to relative './components/ui/input' inside of [project]/OneDrive/Desktop/MDPIC/schoolsite


Import traces:
  Client Component Browser:
    ./OneDrive/Desktop/MDPIC/schoolsite/app/admissions/page.tsx [Client Component Browser]
    ./OneDrive/Desktop/MDPIC/schoolsite/app/admissions/page.tsx [Server Component]

  Client Component SSR:
    ./OneDrive/Desktop/MDPIC/schoolsite/app/admissions/page.tsx [Client Component SSR]
    ./OneDrive/Desktop/MDPIC/schoolsite/app/admissions/page.tsx [Server Component]

https://nextjs.org/docs/messages/module-not-found


    at <unknown> (./OneDrive/Desktop/MDPIC/schoolsite/app/admissions/page.tsx:10:1)
    at <unknown> (https://nextjs.org/docs/messages/module-not-found)
    at <unknown> (./OneDrive/Desktop/MDPIC/schoolsite/app/admissions/page.tsx:8:1)
    at <unknown> (https://nextjs.org/docs/messages/module-not-found)
